2018-08-15 11:30:13.300 Unity[32322:14657818] NSDocumentController Info.plist warning: The values of CFBundleTypeRole entries must be 'Editor', 'Viewer', 'None', or 'Shell'.
...268873 bytes written to /Users/mermaid/Library/Unity/Certificates/CACerts.pem
[usbmuxd] Start listen thread
[usbmuxd] Listen thread started
[usbmuxd] Send listen message
Launching external process: /Applications/Unity/Unity.app/Contents/Tools/UnityShaderCompiler
debugger-agent: Unable to listen on 5
[usbmuxd] Stop listen thread
[usbmuxd] Error: 
[usbmuxd] Listen thread exiting
aid/Documents/renyuGame/client/project
-quit
-logFile
/Users/mermaid/Documents/renyuGame/client/project/log/Android_csharp.log
Successfully changed project path to: /Users/mermaid/Documents/renyuGame/client/project
/Users/mermaid/Documents/renyuGame/client/project
Loading GUID <-> Path mappings...0.000034 seconds
Loading Asset Database...0.193404 seconds
Audio: FMOD Profiler initialized on port 54900
AssetDatabase consistency checks...0.319132 seconds
Initialize engine version: 5.6.1p4 (99afd32ca6da)
GfxDevice: creating device client; threaded=0
Initializing Metal device caps: Intel Iris Graphics
Begin MonoManager ReloadAssembly
Platform assembly: /Applications/Unity/Unity.app/Contents/Managed/UnityEngine.dll (this message is harmless)
Platform assembly: /Applications/Unity/Unity.app/Contents/Managed/UnityEditor.dll (this message is harmless)
Platform assembly: /Applications/Unity/Unity.app/Contents/Managed/Unity.Locator.dll (this message is harmless)
Platform assembly: /Applications/Unity/Unity.app/Contents/Managed/Unity.DataContract.dll (this message is harmless)
Platform assembly: /Applications/Unity/Unity.app/Contents/Mono/lib/mono/2.0/System.Core.dll (this message is harmless)
Platform assembly: /Applications/Unity/Unity.app/Contents/Managed/Unity.IvyParser.dll (this message is harmless)
Platform assembly: /Applications/Unity/Unity.app/Contents/Mono/lib/mono/2.0/System.dll (this message is harmless)
Platform assembly: /Applications/Unity/Unity.app/Contents/Mono/lib/mono/2.0/System.Xml.dll (this message is harmless)
Platform assembly: /Applications/Unity/Unity.app/Contents/Mono/lib/mono/2.0/System.Configuration.dll (this message is harmless)
Platform assembly: /Applications/Unity/Unity.app/Contents/PackageManager/Unity/PackageManager/5.6.1/Unity.PackageManager.dll (this message is harmless)
Initializing Unity.PackageManager (PackageManager) v5.6.1 for Unity v5.6.1p4
Setting Standalone:StandaloneOSXIntel v5.6.1 for Unity v5.6.1p4 to /Applications/Unity/Unity.app/Contents/PlaybackEngines/MacStandaloneSupport
Setting Advertisements v5.6.1 for Unity v5.6.1p4 to /Applications/Unity/Unity.app/Contents/UnityExtensions/Unity/Advertisements
  UnityEngine.Advertisements.dll (Extension) GUID: 739bbd9f364b4268874f9fd86ab3beef
  Editor/UnityEditor.Advertisements.dll (Extension) GUID: 97decbdab0634cdd991f8d23ddf0dead
Setting GUISystem v5.6.1 for Unity v5.6.1p4 to /Applications/Unity/Unity.app/Contents/UnityExtensions/Unity/GUISystem
  UnityEngine.UI.dll (Extension) GUID: f5f67c52d1564df4a8936ccd202a3bd8
  Standalone/UnityEngine.UI.dll (Extension) GUID: f70555f144d8491a825f0804e09c671c
  Editor/UnityEditor.UI.dll (Extension) GUID: 80a3616ca19596e4da0f10f14d241e9f
Setting UNetHLAPI v5.6.1 for Unity v5.6.1p4 to /Applications/Unity/Unity.app/Contents/UnityExtensions/Unity/Networking
  UnityEngine.Networking.dll (Extension) GUID: 870353891bb340e2b2a9c8707e7419ba
  Standalone/UnityEngine.Networking.dll (Extension) GUID: dc443db3e92b4983b9738c1131f555cb
  Editor/UnityEditor.Networking.dll (Extension) GUID: 5f32cd94baa94578a686d4b9d6b660f7
Setting TestRunner v5.6.1 for Unity v5.6.1p4 to /Applications/Unity/Unity.app/Contents/UnityExtensions/Unity/TestRunner
  Editor/UnityEditor.TestRunner.dll (Extension) GUID: 4113173d5e95493ab8765d7b08371de4
  UnityEngine.TestRunner.dll (Extension) GUID: 53ebcfaa2e1e4e2dbc85882cd5a73fa1
  net35/unity-custom/nunit.framework.dll (Extension) GUID: 4b3fa4bde7f1451a8218c03ee6a8ded8
  portable/nunit.framework.dll (Extension) GUID: 405b9b51bb344a128608d968297df79c
Setting TreeEditor v5.6.1 for Unity v5.6.1p4 to /Applications/Unity/Unity.app/Contents/UnityExtensions/Unity/TreeEditor
  Editor/UnityEditor.TreeEditor.dll (Extension) GUID: adebbd281f1a4ef3a30be7f21937e02f
Setting UnityAnalytics v5.6.1 for Unity v5.6.1p4 to /Applications/Unity/Unity.app/Contents/UnityExtensions/Unity/UnityAnalytics
  UnityEngine.Analytics.dll (Extension) GUID: 852E56802EB941638ACBB491814497B0
  Editor/UnityEditor.Analytics.dll (Extension) GUID: 86f4de9468454445ac2f39e207fafa3a
Setting UnityHoloLens v5.6.1 for Unity v5.6.1p4 to /Applications/Unity/Unity.app/Contents/UnityExtensions/Unity/UnityHoloLens
  Editor/UnityEditor.HoloLens.dll (Extension) GUID: 12fd8a0055b84bb59e84c9835a37e333
  Runtime/UnityEngine.HoloLens.dll (Extension) GUID: f7b54ff4a43d4fcf81b4538b678e0bcc
  RuntimeEditor/UnityEngine.HoloLens.dll (Extension) GUID: 1c6d1fbb51834b64847b1b73a75bfc77
Setting UnityPurchasing v5.6.1 for Unity v5.6.1p4 to /Applications/Unity/Unity.app/Contents/UnityExtensions/Unity/UnityPurchasing
  UnityEngine.Purchasing.dll (Extension) GUID: 8E0CD8ED44D4412CBE0642067ABC9E44
  Editor/UnityEditor.Purchasing.dll (Extension) GUID: 8382B2BB260241859771B69B7F377A8D
Setting UnityVR v5.6.1 for Unity v5.6.1p4 to /Applications/Unity/Unity.app/Contents/UnityExtensions/Unity/UnityVR
  Editor/UnityEditor.VR.dll (Extension) GUID: 4ba2329b63d54f0187bcaa12486b1b0f
  Runtime/UnityEngine.VR.dll (Extension) GUID: 6cdf1e5c78d14720aaadccd4C792df96
  RuntimeEditor/UnityEngine.VR.dll (Extension) GUID: 307433eba81a469ab1e2084d52d1a5a2
Registering custom unity dll's ...
Register platform support module: /Applications/Unity/PlaybackEngines/AndroidPlayer/UnityEditor.Android.Extensions.dll
Register platform support module: /Applications/Unity/PlaybackEngines/iOSSupport/UnityEditor.iOS.Extensions.dll
Register platform support module: /Applications/Unity/Unity.app/Contents/PlaybackEngines/MacStandaloneSupport/UnityEditor.OSXStandalone.Extensions.dll
Registered in 0.002577 seconds.
Platform assembly: /Applications/Unity/Unity.app/Contents/PackageManager/Unity/PackageManager/5.6.1/Unity.PackageManager.dll (this message is harmless)
Loading /Applications/Unity/Unity.app/Contents/PackageManager/Unity/PackageManager/5.6.1/Unity.PackageManager.dll into Unity Child Domain
Non platform assembly: /Applications/Unity/Unity.app/Contents/UnityExtensions/Unity/Advertisements/Editor/UnityEditor.Advertisements.dll (this message is harmless)
Loading /Applications/Unity/Unity.app/Contents/UnityExtensions/Unity/Advertisements/Editor/UnityEditor.Advertisements.dll into Unity Child Domain
Non platform assembly: /Applications/Unity/Unity.app/Contents/UnityExtensions/Unity/GUISystem/UnityEngine.UI.dll (this message is harmless)
Loading /Applications/Unity/Unity.app/Contents/UnityExtensions/Unity/GUISystem/UnityEngine.UI.dll into Unity Child Domain
Non platform assembly: /Applications/Unity/Unity.app/Contents/UnityExtensions/Unity/GUISystem/Editor/UnityEditor.UI.dll (this message is harmless)
Loading /Applications/Unity/Unity.app/Contents/UnityExtensions/Unity/GUISystem/Editor/UnityEditor.UI.dll into Unity Child Domain
Non platform assembly: /Applications/Unity/Unity.app/Contents/UnityExtensions/Unity/Networking/UnityEngine.Networking.dll (this message is harmless)
Loading /Applications/Unity/Unity.app/Contents/UnityExtensions/Unity/Networking/UnityEngine.Networking.dll into Unity Child Domain
Non platform assembly: /Applications/Unity/Unity.app/Contents/UnityExtensions/Unity/Networking/Editor/UnityEditor.Networking.dll (this message is harmless)
Loading /Applications/Unity/Unity.app/Contents/UnityExtensions/Unity/Networking/Editor/UnityEditor.Networking.dll into Unity Child Domain
Non platform assembly: /Applications/Unity/Unity.app/Contents/UnityExtensions/Unity/TestRunner/Editor/UnityEditor.TestRunner.dll (this message is harmless)
Loading /Applications/Unity/Unity.app/Contents/UnityExtensions/Unity/TestRunner/Editor/UnityEditor.TestRunner.dll into Unity Child Domain
Non platform assembly: /Applications/Unity/Unity.app/Contents/UnityExtensions/Unity/TestRunner/UnityEngine.TestRunner.dll (this message is harmless)
Loading /Applications/Unity/Unity.app/Contents/UnityExtensions/Unity/TestRunner/UnityEngine.TestRunner.dll into Unity Child Domain
Non platform assembly: /Applications/Unity/Unity.app/Contents/UnityExtensions/Unity/TestRunner/net35/unity-custom/nunit.framework.dll (this message is harmless)
Loading /Applications/Unity/Unity.app/Contents/UnityExtensions/Unity/TestRunner/net35/unity-custom/nunit.framework.dll into Unity Child Domain
Non platform assembly: /Applications/Unity/Unity.app/Contents/UnityExtensions/Unity/TreeEditor/Editor/UnityEditor.TreeEditor.dll (this message is harmless)
Loading /Applications/Unity/Unity.app/Contents/UnityExtensions/Unity/TreeEditor/Editor/UnityEditor.TreeEditor.dll into Unity Child Domain
Non platform assembly: /Applications/Unity/Unity.app/Contents/UnityExtensions/Unity/UnityAnalytics/UnityEngine.Analytics.dll (this message is harmless)
Loading /Applications/Unity/Unity.app/Contents/UnityExtensions/Unity/UnityAnalytics/UnityEngine.Analytics.dll into Unity Child Domain
Non platform assembly: /Applications/Unity/Unity.app/Contents/UnityExtensions/Unity/UnityAnalytics/Editor/UnityEditor.Analytics.dll (this message is harmless)
Loading /Applications/Unity/Unity.app/Contents/UnityExtensions/Unity/UnityAnalytics/Editor/UnityEditor.Analytics.dll into Unity Child Domain
Non platform assembly: /Applications/Unity/Unity.app/Contents/UnityExtensions/Unity/UnityHoloLens/Editor/UnityEditor.HoloLens.dll (this message is harmless)
Loading /Applications/Unity/Unity.app/Contents/UnityExtensions/Unity/UnityHoloLens/Editor/UnityEditor.HoloLens.dll into Unity Child Domain
Non platform assembly: /Applications/Unity/Unity.app/Contents/UnityExtensions/Unity/UnityHoloLens/RuntimeEditor/UnityEngine.HoloLens.dll (this message is harmless)
Loading /Applications/Unity/Unity.app/Contents/UnityExtensions/Unity/UnityHoloLens/RuntimeEditor/UnityEngine.HoloLens.dll into Unity Child Domain
Non platform assembly: /Applications/Unity/Unity.app/Contents/UnityExtensions/Unity/UnityPurchasing/Editor/UnityEditor.Purchasing.dll (this message is harmless)
Loading /Applications/Unity/Unity.app/Contents/UnityExtensions/Unity/UnityPurchasing/Editor/UnityEditor.Purchasing.dll into Unity Child Domain
Non platform assembly: /Applications/Unity/Unity.app/Contents/UnityExtensions/Unity/UnityVR/Editor/UnityEditor.VR.dll (this message is harmless)
Loading /Applications/Unity/Unity.app/Contents/UnityExtensions/Unity/UnityVR/Editor/UnityEditor.VR.dll into Unity Child Domain
Non platform assembly: /Applications/Unity/Unity.app/Contents/UnityExtensions/Unity/UnityVR/RuntimeEditor/UnityEngine.VR.dll (this message is harmless)
Loading /Applications/Unity/Unity.app/Contents/UnityExtensions/Unity/UnityVR/RuntimeEditor/UnityEngine.VR.dll into Unity Child Domain
Platform assembly: /Applications/Unity/Unity.app/Contents/Managed/UnityEditor.Graphs.dll (this message is harmless)
Loading /Applications/Unity/Unity.app/Contents/Managed/UnityEditor.Graphs.dll into Unity Child Domain
Non platform assembly: /Applications/Unity/PlaybackEngines/AndroidPlayer/UnityEditor.Android.Extensions.dll (this message is harmless)
Loading /Applications/Unity/PlaybackEngines/AndroidPlayer/UnityEditor.Android.Extensions.dll into Unity Child Domain
Non platform assembly: /Applications/Unity/PlaybackEngines/iOSSupport/UnityEditor.iOS.Extensions.dll (this message is harmless)
Loading /Applications/Unity/PlaybackEngines/iOSSupport/UnityEditor.iOS.Extensions.dll into Unity Child Domain
Platform assembly: /Applications/Unity/Unity.app/Contents/PlaybackEngines/MacStandaloneSupport/UnityEditor.OSXStandalone.Extensions.dll (this message is harmless)
Loading /Applications/Unity/Unity.app/Contents/PlaybackEngines/MacStandaloneSupport/UnityEditor.OSXStandalone.Extensions.dll into Unity Child Domain
Refreshing native plugins compatible for Editor in 16.52 ms, found 3 plugins.
Preloading 1 native plugins for Editor in 2.78 ms.
Platform assembly: /Applications/Unity/Unity.app/Contents/Managed/Mono.Cecil.dll (this message is harmless)
Platform assembly: /Applications/Unity/Unity.app/Contents/Managed/Unity.SerializationLogic.dll (this message is harmless)
Platform assembly: /Applications/Unity/Unity.app/Contents/Mono/lib/mono/2.0/UnityScript.dll (this message is harmless)
Platform assembly: /Applications/Unity/Unity.app/Contents/Managed/ICSharpCode.NRefactory.dll (this message is harmless)
Platform assembly: /Applications/Unity/Unity.app/Contents/Mono/lib/mono/2.0/System.Xml.Linq.dll (this message is harmless)
Non platform assembly: /Applications/Unity/Unity.app/Contents/UnityExtensions/Unity/UnityVR/Editor/UnityEditor.iOS.Extensions.Xcode.dll (this message is harmless)
Non platform assembly: /Applications/Unity/PlaybackEngines/iOSSupport/UnityEditor.iOS.Extensions.Common.dll (this message is harmless)
Mono: successfully reloaded assembly
- Completed reload, in  0.719 seconds
Registering platform support modules:
Platform assembly: /Applications/Unity/Unity.app/Contents/Mono/lib/mono/2.0/Boo.Lang.Compiler.dll (this message is harmless)
Platform assembly: /Applications/Unity/Unity.app/Contents/Mono/lib/mono/2.0/Boo.Lang.dll (this message is harmless)
Platform assembly: /Applications/Unity/Unity.app/Contents/Mono/lib/mono/2.0/Boo.Lang.Parser.dll (this message is harmless)
Platform assembly: /Applications/Unity/Unity.app/Contents/Mono/lib/mono/2.0/UnityScript.Lang.dll (this message is harmless)
Platform assembly: /Applications/Unity/Unity.app/Contents/Mono/lib/mono/2.0/Mono.Security.dll (this message is harmless)
Registered platform support modules in: 0.108344s.
Native extension for OSXStandalone target not found
Loading native library: UnityEditor.iOS.Native at /Applications/Unity/PlaybackEngines/iOSSupport/UnityEditor.iOS.Native.dylib
Native extension for iOS target not found
Native extension for Android target not found
Begin MonoManager ReloadAssembly
Platform assembly: /Applications/Unity/Unity.app/Contents/Managed/UnityEngine.dll (this message is harmless)
Platform assembly: /Applications/Unity/Unity.app/Contents/Managed/UnityEditor.dll (this message is harmless)
Platform assembly: /Applications/Unity/Unity.app/Contents/Managed/Unity.Locator.dll (this message is harmless)
Registering custom user dll's ...
Platform assembly: /Applications/Unity/Unity.app/Contents/Mono/lib/mono/2.0/System.Core.dll (this message is harmless)
Platform assembly: /Applications/Unity/Unity.app/Contents/Managed/Unity.DataContract.dll (this message is harmless)
Registered in 0.356423 seconds.
Non platform assembly: /Users/mermaid/Documents/renyuGame/client/project/Library/ScriptAssemblies/Assembly-CSharp-firstpass.dll (this message is harmless)
Loading /Users/mermaid/Documents/renyuGame/client/project/Library/ScriptAssemblies/Assembly-CSharp-firstpass.dll into Unity Child Domain
Non platform assembly: /Users/mermaid/Documents/renyuGame/client/project/Library/ScriptAssemblies/Assembly-CSharp.dll (this message is harmless)
Loading /Users/mermaid/Documents/renyuGame/client/project/Library/ScriptAssemblies/Assembly-CSharp.dll into Unity Child Domain
Non platform assembly: /Users/mermaid/Documents/renyuGame/client/project/Library/ScriptAssemblies/Assembly-CSharp-Editor.dll (this message is harmless)
Loading /Users/mermaid/Documents/renyuGame/client/project/Library/ScriptAssemblies/Assembly-CSharp-Editor.dll into Unity Child Domain
Platform assembly: /Applications/Unity/Unity.app/Contents/PackageManager/Unity/PackageManager/5.6.1/Unity.PackageManager.dll (this message is harmless)
Loading /Applications/Unity/Unity.app/Contents/PackageManager/Unity/PackageManager/5.6.1/Unity.PackageManager.dll into Unity Child Domain
Non platform assembly: /Applications/Unity/Unity.app/Contents/UnityExtensions/Unity/Advertisements/Editor/UnityEditor.Advertisements.dll (this message is harmless)
Loading /Applications/Unity/Unity.app/Contents/UnityExtensions/Unity/Advertisements/Editor/UnityEditor.Advertisements.dll into Unity Child Domain
Non platform assembly: /Applications/Unity/Unity.app/Contents/UnityExtensions/Unity/GUISystem/UnityEngine.UI.dll (this message is harmless)
Loading /Applications/Unity/Unity.app/Contents/UnityExtensions/Unity/GUISystem/UnityEngine.UI.dll into Unity Child Domain
Non platform assembly: /Applications/Unity/Unity.app/Contents/UnityExtensions/Unity/GUISystem/Editor/UnityEditor.UI.dll (this message is harmless)
Loading /Applications/Unity/Unity.app/Contents/UnityExtensions/Unity/GUISystem/Editor/UnityEditor.UI.dll into Unity Child Domain
Non platform assembly: /Applications/Unity/Unity.app/Contents/UnityExtensions/Unity/Networking/UnityEngine.Networking.dll (this message is harmless)
Loading /Applications/Unity/Unity.app/Contents/UnityExtensions/Unity/Networking/UnityEngine.Networking.dll into Unity Child Domain
Non platform assembly: /Applications/Unity/Unity.app/Contents/UnityExtensions/Unity/Networking/Editor/UnityEditor.Networking.dll (this message is harmless)
Loading /Applications/Unity/Unity.app/Contents/UnityExtensions/Unity/Networking/Editor/UnityEditor.Networking.dll into Unity Child Domain
Non platform assembly: /Applications/Unity/Unity.app/Contents/UnityExtensions/Unity/TestRunner/Editor/UnityEditor.TestRunner.dll (this message is harmless)
Loading /Applications/Unity/Unity.app/Contents/UnityExtensions/Unity/TestRunner/Editor/UnityEditor.TestRunner.dll into Unity Child Domain
Non platform assembly: /Applications/Unity/Unity.app/Contents/UnityExtensions/Unity/TestRunner/UnityEngine.TestRunner.dll (this message is harmless)
Loading /Applications/Unity/Unity.app/Contents/UnityExtensions/Unity/TestRunner/UnityEngine.TestRunner.dll into Unity Child Domain
Non platform assembly: /Applications/Unity/Unity.app/Contents/UnityExtensions/Unity/TestRunner/net35/unity-custom/nunit.framework.dll (this message is harmless)
Loading /Applications/Unity/Unity.app/Contents/UnityExtensions/Unity/TestRunner/net35/unity-custom/nunit.framework.dll into Unity Child Domain
Non platform assembly: /Applications/Unity/Unity.app/Contents/UnityExtensions/Unity/TreeEditor/Editor/UnityEditor.TreeEditor.dll (this message is harmless)
Loading /Applications/Unity/Unity.app/Contents/UnityExtensions/Unity/TreeEditor/Editor/UnityEditor.TreeEditor.dll into Unity Child Domain
Non platform assembly: /Applications/Unity/Unity.app/Contents/UnityExtensions/Unity/UnityAnalytics/UnityEngine.Analytics.dll (this message is harmless)
Loading /Applications/Unity/Unity.app/Contents/UnityExtensions/Unity/UnityAnalytics/UnityEngine.Analytics.dll into Unity Child Domain
Non platform assembly: /Applications/Unity/Unity.app/Contents/UnityExtensions/Unity/UnityAnalytics/Editor/UnityEditor.Analytics.dll (this message is harmless)
Loading /Applications/Unity/Unity.app/Contents/UnityExtensions/Unity/UnityAnalytics/Editor/UnityEditor.Analytics.dll into Unity Child Domain
Non platform assembly: /Applications/Unity/Unity.app/Contents/UnityExtensions/Unity/UnityHoloLens/Editor/UnityEditor.HoloLens.dll (this message is harmless)
Loading /Applications/Unity/Unity.app/Contents/UnityExtensions/Unity/UnityHoloLens/Editor/UnityEditor.HoloLens.dll into Unity Child Domain
Non platform assembly: /Applications/Unity/Unity.app/Contents/UnityExtensions/Unity/UnityHoloLens/RuntimeEditor/UnityEngine.HoloLens.dll (this message is harmless)
Loading /Applications/Unity/Unity.app/Contents/UnityExtensions/Unity/UnityHoloLens/RuntimeEditor/UnityEngine.HoloLens.dll into Unity Child Domain
Non platform assembly: /Applications/Unity/Unity.app/Contents/UnityExtensions/Unity/UnityPurchasing/Editor/UnityEditor.Purchasing.dll (this message is harmless)
Loading /Applications/Unity/Unity.app/Contents/UnityExtensions/Unity/UnityPurchasing/Editor/UnityEditor.Purchasing.dll into Unity Child Domain
Non platform assembly: /Applications/Unity/Unity.app/Contents/UnityExtensions/Unity/UnityVR/Editor/UnityEditor.VR.dll (this message is harmless)
Loading /Applications/Unity/Unity.app/Contents/UnityExtensions/Unity/UnityVR/Editor/UnityEditor.VR.dll into Unity Child Domain
Non platform assembly: /Applications/Unity/Unity.app/Contents/UnityExtensions/Unity/UnityVR/RuntimeEditor/UnityEngine.VR.dll (this message is harmless)
Loading /Applications/Unity/Unity.app/Contents/UnityExtensions/Unity/UnityVR/RuntimeEditor/UnityEngine.VR.dll into Unity Child Domain
Platform assembly: /Applications/Unity/Unity.app/Contents/Managed/UnityEditor.Graphs.dll (this message is harmless)
Loading /Applications/Unity/Unity.app/Contents/Managed/UnityEditor.Graphs.dll into Unity Child Domain
Non platform assembly: /Applications/Unity/PlaybackEngines/AndroidPlayer/UnityEditor.Android.Extensions.dll (this message is harmless)
Loading /Applications/Unity/PlaybackEngines/AndroidPlayer/UnityEditor.Android.Extensions.dll into Unity Child Domain
Non platform assembly: /Applications/Unity/PlaybackEngines/iOSSupport/UnityEditor.iOS.Extensions.dll (this message is harmless)
Loading /Applications/Unity/PlaybackEngines/iOSSupport/UnityEditor.iOS.Extensions.dll into Unity Child Domain
Platform assembly: /Applications/Unity/Unity.app/Contents/PlaybackEngines/MacStandaloneSupport/UnityEditor.OSXStandalone.Extensions.dll (this message is harmless)
Loading /Applications/Unity/Unity.app/Contents/PlaybackEngines/MacStandaloneSupport/UnityEditor.OSXStandalone.Extensions.dll into Unity Child Domain
Non platform assembly: /Applications/Unity/PlaybackEngines/iOSSupport/UnityEditor.iOS.Extensions.Xcode.dll (this message is harmless)
Loading /Applications/Unity/PlaybackEngines/iOSSupport/UnityEditor.iOS.Extensions.Xcode.dll into Unity Child Domain
Non platform assembly: /Applications/Unity/PlaybackEngines/iOSSupport/UnityEditor.iOS.Extensions.Common.dll (this message is harmless)
Loading /Applications/Unity/PlaybackEngines/iOSSupport/UnityEditor.iOS.Extensions.Common.dll into Unity Child Domain
Non platform assembly: /Users/mermaid/Documents/renyuGame/client/project/Assets/Editor/ConsoleE/Editor/ConsoleE.dll (this message is harmless)
Loading /Users/mermaid/Documents/renyuGame/client/project/Assets/Editor/ConsoleE/Editor/ConsoleE.dll into Unity Child Domain
Non platform assembly: /Users/mermaid/Documents/renyuGame/client/project/Assets/Editor/i18n/xlsplugin/EPPlus.dll (this message is harmless)
Loading /Users/mermaid/Documents/renyuGame/client/project/Assets/Editor/i18n/xlsplugin/EPPlus.dll into Unity Child Domain
Non platform assembly: /Users/mermaid/Documents/renyuGame/client/project/Assets/Editor/i18n/xlsplugin/Excel.dll (this message is harmless)
Loading /Users/mermaid/Documents/renyuGame/client/project/Assets/Editor/i18n/xlsplugin/Excel.dll into Unity Child Domain
Non platform assembly: /Users/mermaid/Documents/renyuGame/client/project/Assets/Editor/i18n/xlsplugin/ICSharpCode.SharpZipLib.dll (this message is harmless)
Loading /Users/mermaid/Documents/renyuGame/client/project/Assets/Editor/i18n/xlsplugin/ICSharpCode.SharpZipLib.dll into Unity Child Domain
Non platform assembly: /Users/mermaid/Documents/renyuGame/client/project/Assets/Editor/i18n/xlsplugin/System.Data.dll (this message is harmless)
Loading /Users/mermaid/Documents/renyuGame/client/project/Assets/Editor/i18n/xlsplugin/System.Data.dll into Unity Child Domain
Non platform assembly: /Users/mermaid/Documents/renyuGame/client/project/Assets/Third/zxing.unity.dll (this message is harmless)
Loading /Users/mermaid/Documents/renyuGame/client/project/Assets/Third/zxing.unity.dll into Unity Child Domain
Refreshing native plugins compatible for Editor in 2.43 ms, found 3 plugins.
Preloading 1 native plugins for Editor in 0.34 ms.
Platform assembly: /Applications/Unity/Unity.app/Contents/Managed/Mono.Cecil.dll (this message is harmless)
Platform assembly: /Applications/Unity/Unity.app/Contents/Managed/Unity.SerializationLogic.dll (this message is harmless)
Platform assembly: /Applications/Unity/Unity.app/Contents/Mono/lib/mono/2.0/UnityScript.dll (this message is harmless)
Platform assembly: /Applications/Unity/Unity.app/Contents/Managed/ICSharpCode.NRefactory.dll (this message is harmless)
Platform assembly: /Applications/Unity/Unity.app/Contents/Mono/lib/mono/2.0/System.Xml.Linq.dll (this message is harmless)
Platform assembly: /Applications/Unity/Unity.app/Contents/Managed/Unity.IvyParser.dll (this message is harmless)
Platform assembly: /Applications/Unity/Unity.app/Contents/Mono/lib/mono/2.0/System.Security.dll (this message is harmless)
Platform assembly: /Applications/Unity/Unity.app/Contents/Mono/lib/mono/2.0/System.Drawing.dll (this message is harmless)
Platform assembly: /Applications/Unity/Unity.app/Contents/Mono/lib/mono/2.0/System.Transactions.dll (this message is harmless)
Platform assembly: /Applications/Unity/Unity.app/Contents/Mono/lib/mono/2.0/Mono.Data.Tds.dll (this message is harmless)
Mono: successfully reloaded assembly
- Completed reload, in  0.937 seconds
Initializing Unity.PackageManager (PackageManager) v5.6.1 for Unity v5.6.1p4
Setting Standalone:StandaloneOSXIntel v5.6.1 for Unity v5.6.1p4 to /Applications/Unity/Unity.app/Contents/PlaybackEngines/MacStandaloneSupport
Setting Advertisements v5.6.1 for Unity v5.6.1p4 to /Applications/Unity/Unity.app/Contents/UnityExtensions/Unity/Advertisements
  UnityEngine.Advertisements.dll (Extension) GUID: 739bbd9f364b4268874f9fd86ab3beef
  Editor/UnityEditor.Advertisements.dll (Extension) GUID: 97decbdab0634cdd991f8d23ddf0dead
Setting GUISystem v5.6.1 for Unity v5.6.1p4 to /Applications/Unity/Unity.app/Contents/UnityExtensions/Unity/GUISystem
  UnityEngine.UI.dll (Extension) GUID: f5f67c52d1564df4a8936ccd202a3bd8
  Standalone/UnityEngine.UI.dll (Extension) GUID: f70555f144d8491a825f0804e09c671c
  Editor/UnityEditor.UI.dll (Extension) GUID: 80a3616ca19596e4da0f10f14d241e9f
Setting UNetHLAPI v5.6.1 for Unity v5.6.1p4 to /Applications/Unity/Unity.app/Contents/UnityExtensions/Unity/Networking
  UnityEngine.Networking.dll (Extension) GUID: 870353891bb340e2b2a9c8707e7419ba
  Standalone/UnityEngine.Networking.dll (Extension) GUID: dc443db3e92b4983b9738c1131f555cb
  Editor/UnityEditor.Networking.dll (Extension) GUID: 5f32cd94baa94578a686d4b9d6b660f7
Setting TestRunner v5.6.1 for Unity v5.6.1p4 to /Applications/Unity/Unity.app/Contents/UnityExtensions/Unity/TestRunner
  Editor/UnityEditor.TestRunner.dll (Extension) GUID: 4113173d5e95493ab8765d7b08371de4
  UnityEngine.TestRunner.dll (Extension) GUID: 53ebcfaa2e1e4e2dbc85882cd5a73fa1
  net35/unity-custom/nunit.framework.dll (Extension) GUID: 4b3fa4bde7f1451a8218c03ee6a8ded8
  portable/nunit.framework.dll (Extension) GUID: 405b9b51bb344a128608d968297df79c
Setting TreeEditor v5.6.1 for Unity v5.6.1p4 to /Applications/Unity/Unity.app/Contents/UnityExtensions/Unity/TreeEditor
  Editor/UnityEditor.TreeEditor.dll (Extension) GUID: adebbd281f1a4ef3a30be7f21937e02f
Setting UnityAnalytics v5.6.1 for Unity v5.6.1p4 to /Applications/Unity/Unity.app/Contents/UnityExtensions/Unity/UnityAnalytics
  UnityEngine.Analytics.dll (Extension) GUID: 852E56802EB941638ACBB491814497B0
  Editor/UnityEditor.Analytics.dll (Extension) GUID: 86f4de9468454445ac2f39e207fafa3a
Setting UnityHoloLens v5.6.1 for Unity v5.6.1p4 to /Applications/Unity/Unity.app/Contents/UnityExtensions/Unity/UnityHoloLens
  Editor/UnityEditor.HoloLens.dll (Extension) GUID: 12fd8a0055b84bb59e84c9835a37e333
  Runtime/UnityEngine.HoloLens.dll (Extension) GUID: f7b54ff4a43d4fcf81b4538b678e0bcc
  RuntimeEditor/UnityEngine.HoloLens.dll (Extension) GUID: 1c6d1fbb51834b64847b1b73a75bfc77
Setting UnityPurchasing v5.6.1 for Unity v5.6.1p4 to /Applications/Unity/Unity.app/Contents/UnityExtensions/Unity/UnityPurchasing
  UnityEngine.Purchasing.dll (Extension) GUID: 8E0CD8ED44D4412CBE0642067ABC9E44
  Editor/UnityEditor.Purchasing.dll (Extension) GUID: 8382B2BB260241859771B69B7F377A8D
Setting UnityVR v5.6.1 for Unity v5.6.1p4 to /Applications/Unity/Unity.app/Contents/UnityExtensions/Unity/UnityVR
  Editor/UnityEditor.VR.dll (Extension) GUID: 4ba2329b63d54f0187bcaa12486b1b0f
  Runtime/UnityEngine.VR.dll (Extension) GUID: 6cdf1e5c78d14720aaadccd4C792df96
  RuntimeEditor/UnityEngine.VR.dll (Extension) GUID: 307433eba81a469ab1e2084d52d1a5a2
Reloading assemblies after script compilation.
Begin MonoManager ReloadAssembly
Platform assembly: /Applications/Unity/Unity.app/Contents/Managed/UnityEngine.dll (this message is harmless)
Platform assembly: /Applications/Unity/Unity.app/Contents/Managed/UnityEditor.dll (this message is harmless)
Platform assembly: /Applications/Unity/Unity.app/Contents/Managed/Unity.Locator.dll (this message is harmless)
Non platform assembly: /Users/mermaid/Documents/renyuGame/client/project/Library/ScriptAssemblies/Assembly-CSharp-firstpass.dll (this message is harmless)
Loading /Users/mermaid/Documents/renyuGame/client/project/Library/ScriptAssemblies/Assembly-CSharp-firstpass.dll into Unity Child Domain
Non platform assembly: /Users/mermaid/Documents/renyuGame/client/project/Library/ScriptAssemblies/Assembly-CSharp.dll (this message is harmless)
Loading /Users/mermaid/Documents/renyuGame/client/project/Library/ScriptAssemblies/Assembly-CSharp.dll into Unity Child Domain
Non platform assembly: /Users/mermaid/Documents/renyuGame/client/project/Library/ScriptAssemblies/Assembly-CSharp-Editor.dll (this message is harmless)
Loading /Users/mermaid/Documents/renyuGame/client/project/Library/ScriptAssemblies/Assembly-CSharp-Editor.dll into Unity Child Domain
Platform assembly: /Applications/Unity/Unity.app/Contents/PackageManager/Unity/PackageManager/5.6.1/Unity.PackageManager.dll (this message is harmless)
Loading /Applications/Unity/Unity.app/Contents/PackageManager/Unity/PackageManager/5.6.1/Unity.PackageManager.dll into Unity Child Domain
Non platform assembly: /Applications/Unity/Unity.app/Contents/UnityExtensions/Unity/Advertisements/Editor/UnityEditor.Advertisements.dll (this message is harmless)
Loading /Applications/Unity/Unity.app/Contents/UnityExtensions/Unity/Advertisements/Editor/UnityEditor.Advertisements.dll into Unity Child Domain
Non platform assembly: /Applications/Unity/Unity.app/Contents/UnityExtensions/Unity/GUISystem/UnityEngine.UI.dll (this message is harmless)
Loading /Applications/Unity/Unity.app/Contents/UnityExtensions/Unity/GUISystem/UnityEngine.UI.dll into Unity Child Domain
Non platform assembly: /Applications/Unity/Unity.app/Contents/UnityExtensions/Unity/GUISystem/Editor/UnityEditor.UI.dll (this message is harmless)
Loading /Applications/Unity/Unity.app/Contents/UnityExtensions/Unity/GUISystem/Editor/UnityEditor.UI.dll into Unity Child Domain
Non platform assembly: /Applications/Unity/Unity.app/Contents/UnityExtensions/Unity/Networking/UnityEngine.Networking.dll (this message is harmless)
Loading /Applications/Unity/Unity.app/Contents/UnityExtensions/Unity/Networking/UnityEngine.Networking.dll into Unity Child Domain
Non platform assembly: /Applications/Unity/Unity.app/Contents/UnityExtensions/Unity/Networking/Editor/UnityEditor.Networking.dll (this message is harmless)
Loading /Applications/Unity/Unity.app/Contents/UnityExtensions/Unity/Networking/Editor/UnityEditor.Networking.dll into Unity Child Domain
Non platform assembly: /Applications/Unity/Unity.app/Contents/UnityExtensions/Unity/TestRunner/Editor/UnityEditor.TestRunner.dll (this message is harmless)
Loading /Applications/Unity/Unity.app/Contents/UnityExtensions/Unity/TestRunner/Editor/UnityEditor.TestRunner.dll into Unity Child Domain
Non platform assembly: /Applications/Unity/Unity.app/Contents/UnityExtensions/Unity/TestRunner/UnityEngine.TestRunner.dll (this message is harmless)
Loading /Applications/Unity/Unity.app/Contents/UnityExtensions/Unity/TestRunner/UnityEngine.TestRunner.dll into Unity Child Domain
Non platform assembly: /Applications/Unity/Unity.app/Contents/UnityExtensions/Unity/TestRunner/net35/unity-custom/nunit.framework.dll (this message is harmless)
Loading /Applications/Unity/Unity.app/Contents/UnityExtensions/Unity/TestRunner/net35/unity-custom/nunit.framework.dll into Unity Child Domain
Non platform assembly: /Applications/Unity/Unity.app/Contents/UnityExtensions/Unity/TreeEditor/Editor/UnityEditor.TreeEditor.dll (this message is harmless)
Loading /Applications/Unity/Unity.app/Contents/UnityExtensions/Unity/TreeEditor/Editor/UnityEditor.TreeEditor.dll into Unity Child Domain
Non platform assembly: /Applications/Unity/Unity.app/Contents/UnityExtensions/Unity/UnityAnalytics/UnityEngine.Analytics.dll (this message is harmless)
Loading /Applications/Unity/Unity.app/Contents/UnityExtensions/Unity/UnityAnalytics/UnityEngine.Analytics.dll into Unity Child Domain
Non platform assembly: /Applications/Unity/Unity.app/Contents/UnityExtensions/Unity/UnityAnalytics/Editor/UnityEditor.Analytics.dll (this message is harmless)
Loading /Applications/Unity/Unity.app/Contents/UnityExtensions/Unity/UnityAnalytics/Editor/UnityEditor.Analytics.dll into Unity Child Domain
Non platform assembly: /Applications/Unity/Unity.app/Contents/UnityExtensions/Unity/UnityHoloLens/Editor/UnityEditor.HoloLens.dll (this message is harmless)
Loading /Applications/Unity/Unity.app/Contents/UnityExtensions/Unity/UnityHoloLens/Editor/UnityEditor.HoloLens.dll into Unity Child Domain
Non platform assembly: /Applications/Unity/Unity.app/Contents/UnityExtensions/Unity/UnityHoloLens/RuntimeEditor/UnityEngine.HoloLens.dll (this message is harmless)
Loading /Applications/Unity/Unity.app/Contents/UnityExtensions/Unity/UnityHoloLens/RuntimeEditor/UnityEngine.HoloLens.dll into Unity Child Domain
Non platform assembly: /Applications/Unity/Unity.app/Contents/UnityExtensions/Unity/UnityPurchasing/Editor/UnityEditor.Purchasing.dll (this message is harmless)
Loading /Applications/Unity/Unity.app/Contents/UnityExtensions/Unity/UnityPurchasing/Editor/UnityEditor.Purchasing.dll into Unity Child Domain
Non platform assembly: /Applications/Unity/Unity.app/Contents/UnityExtensions/Unity/UnityVR/Editor/UnityEditor.VR.dll (this message is harmless)
Loading /Applications/Unity/Unity.app/Contents/UnityExtensions/Unity/UnityVR/Editor/UnityEditor.VR.dll into Unity Child Domain
Non platform assembly: /Applications/Unity/Unity.app/Contents/UnityExtensions/Unity/UnityVR/RuntimeEditor/UnityEngine.VR.dll (this message is harmless)
Loading /Applications/Unity/Unity.app/Contents/UnityExtensions/Unity/UnityVR/RuntimeEditor/UnityEngine.VR.dll into Unity Child Domain
Platform assembly: /Applications/Unity/Unity.app/Contents/Managed/UnityEditor.Graphs.dll (this message is harmless)
Loading /Applications/Unity/Unity.app/Contents/Managed/UnityEditor.Graphs.dll into Unity Child Domain
Non platform assembly: /Applications/Unity/PlaybackEngines/AndroidPlayer/UnityEditor.Android.Extensions.dll (this message is harmless)
Loading /Applications/Unity/PlaybackEngines/AndroidPlayer/UnityEditor.Android.Extensions.dll into Unity Child Domain
Non platform assembly: /Applications/Unity/PlaybackEngines/iOSSupport/UnityEditor.iOS.Extensions.dll (this message is harmless)
Loading /Applications/Unity/PlaybackEngines/iOSSupport/UnityEditor.iOS.Extensions.dll into Unity Child Domain
Platform assembly: /Applications/Unity/Unity.app/Contents/PlaybackEngines/MacStandaloneSupport/UnityEditor.OSXStandalone.Extensions.dll (this message is harmless)
Loading /Applications/Unity/Unity.app/Contents/PlaybackEngines/MacStandaloneSupport/UnityEditor.OSXStandalone.Extensions.dll into Unity Child Domain
Non platform assembly: /Applications/Unity/PlaybackEngines/iOSSupport/UnityEditor.iOS.Extensions.Xcode.dll (this message is harmless)
Loading /Applications/Unity/PlaybackEngines/iOSSupport/UnityEditor.iOS.Extensions.Xcode.dll into Unity Child Domain
Non platform assembly: /Applications/Unity/PlaybackEngines/iOSSupport/UnityEditor.iOS.Extensions.Common.dll (this message is harmless)
Loading /Applications/Unity/PlaybackEngines/iOSSupport/UnityEditor.iOS.Extensions.Common.dll into Unity Child Domain
Non platform assembly: /Users/mermaid/Documents/renyuGame/client/project/Assets/Editor/ConsoleE/Editor/ConsoleE.dll (this message is harmless)
Loading /Users/mermaid/Documents/renyuGame/client/project/Assets/Editor/ConsoleE/Editor/ConsoleE.dll into Unity Child Domain
Non platform assembly: /Users/mermaid/Documents/renyuGame/client/project/Assets/Editor/i18n/xlsplugin/EPPlus.dll (this message is harmless)
Loading /Users/mermaid/Documents/renyuGame/client/project/Assets/Editor/i18n/xlsplugin/EPPlus.dll into Unity Child Domain
Non platform assembly: /Users/mermaid/Documents/renyuGame/client/project/Assets/Editor/i18n/xlsplugin/Excel.dll (this message is harmless)
Loading /Users/mermaid/Documents/renyuGame/client/project/Assets/Editor/i18n/xlsplugin/Excel.dll into Unity Child Domain
Non platform assembly: /Users/mermaid/Documents/renyuGame/client/project/Assets/Editor/i18n/xlsplugin/ICSharpCode.SharpZipLib.dll (this message is harmless)
Loading /Users/mermaid/Documents/renyuGame/client/project/Assets/Editor/i18n/xlsplugin/ICSharpCode.SharpZipLib.dll into Unity Child Domain
Non platform assembly: /Users/mermaid/Documents/renyuGame/client/project/Assets/Editor/i18n/xlsplugin/System.Data.dll (this message is harmless)
Loading /Users/mermaid/Documents/renyuGame/client/project/Assets/Editor/i18n/xlsplugin/System.Data.dll into Unity Child Domain
Non platform assembly: /Users/mermaid/Documents/renyuGame/client/project/Assets/Third/zxing.unity.dll (this message is harmless)
Loading /Users/mermaid/Documents/renyuGame/client/project/Assets/Third/zxing.unity.dll into Unity Child Domain
Platform assembly: /Applications/Unity/Unity.app/Contents/Mono/lib/mono/2.0/System.Core.dll (this message is harmless)
Refreshing native plugins compatible for Editor in 2.58 ms, found 3 plugins.
Preloading 1 native plugins for Editor in 0.33 ms.
Platform assembly: /Applications/Unity/Unity.app/Contents/Managed/Mono.Cecil.dll (this message is harmless)
Platform assembly: /Applications/Unity/Unity.app/Contents/Managed/Unity.SerializationLogic.dll (this message is harmless)
Platform assembly: /Applications/Unity/Unity.app/Contents/Managed/Unity.DataContract.dll (this message is harmless)
Platform assembly: /Applications/Unity/Unity.app/Contents/Mono/lib/mono/2.0/UnityScript.dll (this message is harmless)
Platform assembly: /Applications/Unity/Unity.app/Contents/Managed/ICSharpCode.NRefactory.dll (this message is harmless)
Platform assembly: /Applications/Unity/Unity.app/Contents/Mono/lib/mono/2.0/System.Xml.Linq.dll (this message is harmless)
Platform assembly: /Applications/Unity/Unity.app/Contents/Managed/Unity.IvyParser.dll (this message is harmless)
Platform assembly: /Applications/Unity/Unity.app/Contents/Mono/lib/mono/2.0/System.Security.dll (this message is harmless)
Platform assembly: /Applications/Unity/Unity.app/Contents/Mono/lib/mono/2.0/System.Drawing.dll (this message is harmless)
Platform assembly: /Applications/Unity/Unity.app/Contents/Mono/lib/mono/2.0/System.Transactions.dll (this message is harmless)
Platform assembly: /Applications/Unity/Unity.app/Contents/Mono/lib/mono/2.0/Mono.Data.Tds.dll (this message is harmless)
Mono: successfully reloaded assembly
- Completed reload, in  0.541 seconds
Initializing Unity.PackageManager (PackageManager) v5.6.1 for Unity v5.6.1p4
Setting Standalone:StandaloneOSXIntel v5.6.1 for Unity v5.6.1p4 to /Applications/Unity/Unity.app/Contents/PlaybackEngines/MacStandaloneSupport
Setting Advertisements v5.6.1 for Unity v5.6.1p4 to /Applications/Unity/Unity.app/Contents/UnityExtensions/Unity/Advertisements
  UnityEngine.Advertisements.dll (Extension) GUID: 739bbd9f364b4268874f9fd86ab3beef
  Editor/UnityEditor.Advertisements.dll (Extension) GUID: 97decbdab0634cdd991f8d23ddf0dead
Setting GUISystem v5.6.1 for Unity v5.6.1p4 to /Applications/Unity/Unity.app/Contents/UnityExtensions/Unity/GUISystem
  UnityEngine.UI.dll (Extension) GUID: f5f67c52d1564df4a8936ccd202a3bd8
  Standalone/UnityEngine.UI.dll (Extension) GUID: f70555f144d8491a825f0804e09c671c
  Editor/UnityEditor.UI.dll (Extension) GUID: 80a3616ca19596e4da0f10f14d241e9f
Setting UNetHLAPI v5.6.1 for Unity v5.6.1p4 to /Applications/Unity/Unity.app/Contents/UnityExtensions/Unity/Networking
  UnityEngine.Networking.dll (Extension) GUID: 870353891bb340e2b2a9c8707e7419ba
  Standalone/UnityEngine.Networking.dll (Extension) GUID: dc443db3e92b4983b9738c1131f555cb
  Editor/UnityEditor.Networking.dll (Extension) GUID: 5f32cd94baa94578a686d4b9d6b660f7
Setting TestRunner v5.6.1 for Unity v5.6.1p4 to /Applications/Unity/Unity.app/Contents/UnityExtensions/Unity/TestRunner
  Editor/UnityEditor.TestRunner.dll (Extension) GUID: 4113173d5e95493ab8765d7b08371de4
  UnityEngine.TestRunner.dll (Extension) GUID: 53ebcfaa2e1e4e2dbc85882cd5a73fa1
  net35/unity-custom/nunit.framework.dll (Extension) GUID: 4b3fa4bde7f1451a8218c03ee6a8ded8
  portable/nunit.framework.dll (Extension) GUID: 405b9b51bb344a128608d968297df79c
Setting TreeEditor v5.6.1 for Unity v5.6.1p4 to /Applications/Unity/Unity.app/Contents/UnityExtensions/Unity/TreeEditor
  Editor/UnityEditor.TreeEditor.dll (Extension) GUID: adebbd281f1a4ef3a30be7f21937e02f
Setting UnityAnalytics v5.6.1 for Unity v5.6.1p4 to /Applications/Unity/Unity.app/Contents/UnityExtensions/Unity/UnityAnalytics
  UnityEngine.Analytics.dll (Extension) GUID: 852E56802EB941638ACBB491814497B0
  Editor/UnityEditor.Analytics.dll (Extension) GUID: 86f4de9468454445ac2f39e207fafa3a
Setting UnityHoloLens v5.6.1 for Unity v5.6.1p4 to /Applications/Unity/Unity.app/Contents/UnityExtensions/Unity/UnityHoloLens
  Editor/UnityEditor.HoloLens.dll (Extension) GUID: 12fd8a0055b84bb59e84c9835a37e333
  Runtime/UnityEngine.HoloLens.dll (Extension) GUID: f7b54ff4a43d4fcf81b4538b678e0bcc
  RuntimeEditor/UnityEngine.HoloLens.dll (Extension) GUID: 1c6d1fbb51834b64847b1b73a75bfc77
Setting UnityPurchasing v5.6.1 for Unity v5.6.1p4 to /Applications/Unity/Unity.app/Contents/UnityExtensions/Unity/UnityPurchasing
  UnityEngine.Purchasing.dll (Extension) GUID: 8E0CD8ED44D4412CBE0642067ABC9E44
  Editor/UnityEditor.Purchasing.dll (Extension) GUID: 8382B2BB260241859771B69B7F377A8D
Setting UnityVR v5.6.1 for Unity v5.6.1p4 to /Applications/Unity/Unity.app/Contents/UnityExtensions/Unity/UnityVR
  Editor/UnityEditor.VR.dll (Extension) GUID: 4ba2329b63d54f0187bcaa12486b1b0f
  Runtime/UnityEngine.VR.dll (Extension) GUID: 6cdf1e5c78d14720aaadccd4C792df96
  RuntimeEditor/UnityEngine.VR.dll (Extension) GUID: 307433eba81a469ab1e2084d52d1a5a2
Registering platform support modules:
Platform assembly: /Applications/Unity/Unity.app/Contents/Mono/lib/mono/2.0/Boo.Lang.Compiler.dll (this message is harmless)
Platform assembly: /Applications/Unity/Unity.app/Contents/Mono/lib/mono/2.0/Boo.Lang.dll (this message is harmless)
Platform assembly: /Applications/Unity/Unity.app/Contents/Mono/lib/mono/2.0/Boo.Lang.Parser.dll (this message is harmless)
Platform assembly: /Applications/Unity/Unity.app/Contents/Mono/lib/mono/2.0/UnityScript.Lang.dll (this message is harmless)
Registered platform support modules in: 0.062183s.
Native extension for OSXStandalone target not found
Native extension for iOS target not found
Native extension for Android target not found
Validating Project structure ... 0.211369 seconds.
Refresh: detecting if any assets need to be imported or removed ... 
Hashing assets ... 0.031 seconds
  file open: 0.002 seconds (118 files)
  file read: 0.020 seconds (12.220 MB)
  hash: 0.017 seconds
----- Compute hash(es) for 59 asset(s).

Refresh: elapses 0.301083 seconds
Updating ProjectSettings/ProjectSettings.asset - GUID: 00000000000000004000000000000000...
 done. [Time: 214.666580 ms] 
Unloading 563 Unused Serialized files (Serialized files now loaded: 0)
System memory in use before: 263.4 MB.
System memory in use after: 263.5 MB.

Unloading 129 unused Assets to reduce memory usage. Loaded Objects now: 977.
Total: 2.061415 ms (FindLiveObjects: 0.080343 ms CreateObjectMapping: 0.031578 ms MarkObjects: 0.835534 ms  DeleteObjects: 1.112119 ms)

Updating ProjectSettings/EditorBuildSettings.asset - GUID: 0000000000000000b000000000000000...
 done. [Time: 7.263206 ms] 
Updating Assets/Scenes/showLogo.unity - GUID: 65d73783ad2c8db4d9095861cae2aa69...
 done. [Time: 5.887204 ms] 
Updating Assets/Scripts/game/Logo.cs - GUID: 5c312ce4ed3fdf141a34eb58d56bc6d7...
 done. [Time: 67.445297 ms] 
- starting compile Library/ScriptAssemblies/Assembly-CSharp.dll, for buildtarget 13
- Finished compile Library/ScriptAssemblies/Assembly-CSharp.dll
WeaveUnetFromEditor Temp/Assembly-CSharp.dll
Platform assembly: /Applications/Unity/Unity.app/Contents/Managed/Unity.UNetWeaver.dll (this message is harmless)
WeaveAssemblies unityPath= /Applications/Unity/Unity.app/Contents/Managed/UnityEngine.dll
WeaveAssemblies unetPath= /Applications/Unity/Unity.app/Contents/UnityExtensions/Unity/Networking/UnityEngine.Networking.dll
Platform assembly: /Applications/Unity/Unity.app/Contents/Managed/Mono.Cecil.Pdb.dll (this message is harmless)
Platform assembly: /Applications/Unity/Unity.app/Contents/Managed/Mono.Cecil.Mdb.dll (this message is harmless)
Symbols will be read from Temp/Assembly-CSharp.dll.mdb
Script Module: Assembly-CSharp.dll
Pass: 0 took 38 milliseconds
Pass: 1 took 20 milliseconds
- starting compile Library/ScriptAssemblies/Assembly-CSharp-Editor.dll, for buildtarget 13
- Finished compile Library/ScriptAssemblies/Assembly-CSharp-Editor.dll
WeaveUnetFromEditor Temp/Assembly-CSharp-Editor.dll
WeaveAssemblies unityPath= /Applications/Unity/Unity.app/Contents/Managed/UnityEngine.dll
WeaveAssemblies unetPath= /Applications/Unity/Unity.app/Contents/UnityExtensions/Unity/Networking/UnityEngine.Networking.dll
Reloading assemblies after script compilation.
Begin MonoManager ReloadAssembly
Platform assembly: /Applications/Unity/Unity.app/Contents/Managed/UnityEngine.dll (this message is harmless)
Platform assembly: /Applications/Unity/Unity.app/Contents/Managed/UnityEditor.dll (this message is harmless)
Platform assembly: /Applications/Unity/Unity.app/Contents/Managed/Unity.Locator.dll (this message is harmless)
Non platform assembly: /Users/mermaid/Documents/renyuGame/client/project/Library/ScriptAssemblies/Assembly-CSharp-firstpass.dll (this message is harmless)
Loading /Users/mermaid/Documents/renyuGame/client/project/Library/ScriptAssemblies/Assembly-CSharp-firstpass.dll into Unity Child Domain
Non platform assembly: /Users/mermaid/Documents/renyuGame/client/project/Library/ScriptAssemblies/Assembly-CSharp.dll (this message is harmless)
Loading /Users/mermaid/Documents/renyuGame/client/project/Library/ScriptAssemblies/Assembly-CSharp.dll into Unity Child Domain
Non platform assembly: /Users/mermaid/Documents/renyuGame/client/project/Library/ScriptAssemblies/Assembly-CSharp-Editor.dll (this message is harmless)
Loading /Users/mermaid/Documents/renyuGame/client/project/Library/ScriptAssemblies/Assembly-CSharp-Editor.dll into Unity Child Domain
Platform assembly: /Applications/Unity/Unity.app/Contents/PackageManager/Unity/PackageManager/5.6.1/Unity.PackageManager.dll (this message is harmless)
Loading /Applications/Unity/Unity.app/Contents/PackageManager/Unity/PackageManager/5.6.1/Unity.PackageManager.dll into Unity Child Domain
Non platform assembly: /Applications/Unity/Unity.app/Contents/UnityExtensions/Unity/Advertisements/Editor/UnityEditor.Advertisements.dll (this message is harmless)
Loading /Applications/Unity/Unity.app/Contents/UnityExtensions/Unity/Advertisements/Editor/UnityEditor.Advertisements.dll into Unity Child Domain
Non platform assembly: /Applications/Unity/Unity.app/Contents/UnityExtensions/Unity/GUISystem/UnityEngine.UI.dll (this message is harmless)
Loading /Applications/Unity/Unity.app/Contents/UnityExtensions/Unity/GUISystem/UnityEngine.UI.dll into Unity Child Domain
Non platform assembly: /Applications/Unity/Unity.app/Contents/UnityExtensions/Unity/GUISystem/Editor/UnityEditor.UI.dll (this message is harmless)
Loading /Applications/Unity/Unity.app/Contents/UnityExtensions/Unity/GUISystem/Editor/UnityEditor.UI.dll into Unity Child Domain
Non platform assembly: /Applications/Unity/Unity.app/Contents/UnityExtensions/Unity/Networking/UnityEngine.Networking.dll (this message is harmless)
Loading /Applications/Unity/Unity.app/Contents/UnityExtensions/Unity/Networking/UnityEngine.Networking.dll into Unity Child Domain
Non platform assembly: /Applications/Unity/Unity.app/Contents/UnityExtensions/Unity/Networking/Editor/UnityEditor.Networking.dll (this message is harmless)
Loading /Applications/Unity/Unity.app/Contents/UnityExtensions/Unity/Networking/Editor/UnityEditor.Networking.dll into Unity Child Domain
Non platform assembly: /Applications/Unity/Unity.app/Contents/UnityExtensions/Unity/TestRunner/Editor/UnityEditor.TestRunner.dll (this message is harmless)
Loading /Applications/Unity/Unity.app/Contents/UnityExtensions/Unity/TestRunner/Editor/UnityEditor.TestRunner.dll into Unity Child Domain
Non platform assembly: /Applications/Unity/Unity.app/Contents/UnityExtensions/Unity/TestRunner/UnityEngine.TestRunner.dll (this message is harmless)
Loading /Applications/Unity/Unity.app/Contents/UnityExtensions/Unity/TestRunner/UnityEngine.TestRunner.dll into Unity Child Domain
Non platform assembly: /Applications/Unity/Unity.app/Contents/UnityExtensions/Unity/TestRunner/net35/unity-custom/nunit.framework.dll (this message is harmless)
Loading /Applications/Unity/Unity.app/Contents/UnityExtensions/Unity/TestRunner/net35/unity-custom/nunit.framework.dll into Unity Child Domain
Non platform assembly: /Applications/Unity/Unity.app/Contents/UnityExtensions/Unity/TreeEditor/Editor/UnityEditor.TreeEditor.dll (this message is harmless)
Loading /Applications/Unity/Unity.app/Contents/UnityExtensions/Unity/TreeEditor/Editor/UnityEditor.TreeEditor.dll into Unity Child Domain
Non platform assembly: /Applications/Unity/Unity.app/Contents/UnityExtensions/Unity/UnityAnalytics/UnityEngine.Analytics.dll (this message is harmless)
Loading /Applications/Unity/Unity.app/Contents/UnityExtensions/Unity/UnityAnalytics/UnityEngine.Analytics.dll into Unity Child Domain
Non platform assembly: /Applications/Unity/Unity.app/Contents/UnityExtensions/Unity/UnityAnalytics/Editor/UnityEditor.Analytics.dll (this message is harmless)
Loading /Applications/Unity/Unity.app/Contents/UnityExtensions/Unity/UnityAnalytics/Editor/UnityEditor.Analytics.dll into Unity Child Domain
Non platform assembly: /Applications/Unity/Unity.app/Contents/UnityExtensions/Unity/UnityHoloLens/Editor/UnityEditor.HoloLens.dll (this message is harmless)
Loading /Applications/Unity/Unity.app/Contents/UnityExtensions/Unity/UnityHoloLens/Editor/UnityEditor.HoloLens.dll into Unity Child Domain
Non platform assembly: /Applications/Unity/Unity.app/Contents/UnityExtensions/Unity/UnityHoloLens/RuntimeEditor/UnityEngine.HoloLens.dll (this message is harmless)
Loading /Applications/Unity/Unity.app/Contents/UnityExtensions/Unity/UnityHoloLens/RuntimeEditor/UnityEngine.HoloLens.dll into Unity Child Domain
Non platform assembly: /Applications/Unity/Unity.app/Contents/UnityExtensions/Unity/UnityPurchasing/Editor/UnityEditor.Purchasing.dll (this message is harmless)
Loading /Applications/Unity/Unity.app/Contents/UnityExtensions/Unity/UnityPurchasing/Editor/UnityEditor.Purchasing.dll into Unity Child Domain
Non platform assembly: /Applications/Unity/Unity.app/Contents/UnityExtensions/Unity/UnityVR/Editor/UnityEditor.VR.dll (this message is harmless)
Loading /Applications/Unity/Unity.app/Contents/UnityExtensions/Unity/UnityVR/Editor/UnityEditor.VR.dll into Unity Child Domain
Non platform assembly: /Applications/Unity/Unity.app/Contents/UnityExtensions/Unity/UnityVR/RuntimeEditor/UnityEngine.VR.dll (this message is harmless)
Loading /Applications/Unity/Unity.app/Contents/UnityExtensions/Unity/UnityVR/RuntimeEditor/UnityEngine.VR.dll into Unity Child Domain
Platform assembly: /Applications/Unity/Unity.app/Contents/Managed/UnityEditor.Graphs.dll (this message is harmless)
Loading /Applications/Unity/Unity.app/Contents/Managed/UnityEditor.Graphs.dll into Unity Child Domain
Non platform assembly: /Applications/Unity/PlaybackEngines/AndroidPlayer/UnityEditor.Android.Extensions.dll (this message is harmless)
Loading /Applications/Unity/PlaybackEngines/AndroidPlayer/UnityEditor.Android.Extensions.dll into Unity Child Domain
Non platform assembly: /Applications/Unity/PlaybackEngines/iOSSupport/UnityEditor.iOS.Extensions.dll (this message is harmless)
Loading /Applications/Unity/PlaybackEngines/iOSSupport/UnityEditor.iOS.Extensions.dll into Unity Child Domain
Platform assembly: /Applications/Unity/Unity.app/Contents/PlaybackEngines/MacStandaloneSupport/UnityEditor.OSXStandalone.Extensions.dll (this message is harmless)
Loading /Applications/Unity/Unity.app/Contents/PlaybackEngines/MacStandaloneSupport/UnityEditor.OSXStandalone.Extensions.dll into Unity Child Domain
Non platform assembly: /Applications/Unity/PlaybackEngines/iOSSupport/UnityEditor.iOS.Extensions.Xcode.dll (this message is harmless)
Loading /Applications/Unity/PlaybackEngines/iOSSupport/UnityEditor.iOS.Extensions.Xcode.dll into Unity Child Domain
Non platform assembly: /Applications/Unity/PlaybackEngines/iOSSupport/UnityEditor.iOS.Extensions.Common.dll (this message is harmless)
Loading /Applications/Unity/PlaybackEngines/iOSSupport/UnityEditor.iOS.Extensions.Common.dll into Unity Child Domain
Non platform assembly: /Users/mermaid/Documents/renyuGame/client/project/Assets/Editor/ConsoleE/Editor/ConsoleE.dll (this message is harmless)
Loading /Users/mermaid/Documents/renyuGame/client/project/Assets/Editor/ConsoleE/Editor/ConsoleE.dll into Unity Child Domain
Non platform assembly: /Users/mermaid/Documents/renyuGame/client/project/Assets/Editor/i18n/xlsplugin/EPPlus.dll (this message is harmless)
Loading /Users/mermaid/Documents/renyuGame/client/project/Assets/Editor/i18n/xlsplugin/EPPlus.dll into Unity Child Domain
Non platform assembly: /Users/mermaid/Documents/renyuGame/client/project/Assets/Editor/i18n/xlsplugin/Excel.dll (this message is harmless)
Loading /Users/mermaid/Documents/renyuGame/client/project/Assets/Editor/i18n/xlsplugin/Excel.dll into Unity Child Domain
Non platform assembly: /Users/mermaid/Documents/renyuGame/client/project/Assets/Editor/i18n/xlsplugin/ICSharpCode.SharpZipLib.dll (this message is harmless)
Loading /Users/mermaid/Documents/renyuGame/client/project/Assets/Editor/i18n/xlsplugin/ICSharpCode.SharpZipLib.dll into Unity Child Domain
Non platform assembly: /Users/mermaid/Documents/renyuGame/client/project/Assets/Editor/i18n/xlsplugin/System.Data.dll (this message is harmless)
Loading /Users/mermaid/Documents/renyuGame/client/project/Assets/Editor/i18n/xlsplugin/System.Data.dll into Unity Child Domain
Non platform assembly: /Users/mermaid/Documents/renyuGame/client/project/Assets/Third/zxing.unity.dll (this message is harmless)
Loading /Users/mermaid/Documents/renyuGame/client/project/Assets/Third/zxing.unity.dll into Unity Child Domain
Platform assembly: /Applications/Unity/Unity.app/Contents/Mono/lib/mono/2.0/System.Core.dll (this message is harmless)
Refreshing native plugins compatible for Editor in 13.39 ms, found 3 plugins.
Preloading 1 native plugins for Editor in 0.36 ms.
Platform assembly: /Applications/Unity/Unity.app/Contents/Managed/Mono.Cecil.dll (this message is harmless)
Platform assembly: /Applications/Unity/Unity.app/Contents/Managed/Unity.SerializationLogic.dll (this message is harmless)
Platform assembly: /Applications/Unity/Unity.app/Contents/Managed/Unity.DataContract.dll (this message is harmless)
Platform assembly: /Applications/Unity/Unity.app/Contents/Mono/lib/mono/2.0/UnityScript.dll (this message is harmless)
Platform assembly: /Applications/Unity/Unity.app/Contents/Managed/ICSharpCode.NRefactory.dll (this message is harmless)
Platform assembly: /Applications/Unity/Unity.app/Contents/Mono/lib/mono/2.0/System.Xml.Linq.dll (this message is harmless)
Platform assembly: /Applications/Unity/Unity.app/Contents/Managed/Unity.IvyParser.dll (this message is harmless)
Platform assembly: /Applications/Unity/Unity.app/Contents/Mono/lib/mono/2.0/System.Security.dll (this message is harmless)
Platform assembly: /Applications/Unity/Unity.app/Contents/Mono/lib/mono/2.0/System.Drawing.dll (this message is harmless)
Platform assembly: /Applications/Unity/Unity.app/Contents/Mono/lib/mono/2.0/System.Transactions.dll (this message is harmless)
Platform assembly: /Applications/Unity/Unity.app/Contents/Mono/lib/mono/2.0/Mono.Data.Tds.dll (this message is harmless)
Mono: successfully reloaded assembly
Platform assembly: /Applications/Unity/Unity.app/Contents/Mono/lib/mono/2.0/System.EnterpriseServices.dll (this message is harmless)
- Completed reload, in  0.838 seconds
Initializing Unity.PackageManager (PackageManager) v5.6.1 for Unity v5.6.1p4
Setting Standalone:StandaloneOSXIntel v5.6.1 for Unity v5.6.1p4 to /Applications/Unity/Unity.app/Contents/PlaybackEngines/MacStandaloneSupport
Setting Advertisements v5.6.1 for Unity v5.6.1p4 to /Applications/Unity/Unity.app/Contents/UnityExtensions/Unity/Advertisements
  UnityEngine.Advertisements.dll (Extension) GUID: 739bbd9f364b4268874f9fd86ab3beef
  Editor/UnityEditor.Advertisements.dll (Extension) GUID: 97decbdab0634cdd991f8d23ddf0dead
Setting GUISystem v5.6.1 for Unity v5.6.1p4 to /Applications/Unity/Unity.app/Contents/UnityExtensions/Unity/GUISystem
  UnityEngine.UI.dll (Extension) GUID: f5f67c52d1564df4a8936ccd202a3bd8
  Standalone/UnityEngine.UI.dll (Extension) GUID: f70555f144d8491a825f0804e09c671c
  Editor/UnityEditor.UI.dll (Extension) GUID: 80a3616ca19596e4da0f10f14d241e9f
Setting UNetHLAPI v5.6.1 for Unity v5.6.1p4 to /Applications/Unity/Unity.app/Contents/UnityExtensions/Unity/Networking
  UnityEngine.Networking.dll (Extension) GUID: 870353891bb340e2b2a9c8707e7419ba
  Standalone/UnityEngine.Networking.dll (Extension) GUID: dc443db3e92b4983b9738c1131f555cb
  Editor/UnityEditor.Networking.dll (Extension) GUID: 5f32cd94baa94578a686d4b9d6b660f7
Setting TestRunner v5.6.1 for Unity v5.6.1p4 to /Applications/Unity/Unity.app/Contents/UnityExtensions/Unity/TestRunner
  Editor/UnityEditor.TestRunner.dll (Extension) GUID: 4113173d5e95493ab8765d7b08371de4
  UnityEngine.TestRunner.dll (Extension) GUID: 53ebcfaa2e1e4e2dbc85882cd5a73fa1
  net35/unity-custom/nunit.framework.dll (Extension) GUID: 4b3fa4bde7f1451a8218c03ee6a8ded8
  portable/nunit.framework.dll (Extension) GUID: 405b9b51bb344a128608d968297df79c
Setting TreeEditor v5.6.1 for Unity v5.6.1p4 to /Applications/Unity/Unity.app/Contents/UnityExtensions/Unity/TreeEditor
  Editor/UnityEditor.TreeEditor.dll (Extension) GUID: adebbd281f1a4ef3a30be7f21937e02f
Setting UnityAnalytics v5.6.1 for Unity v5.6.1p4 to /Applications/Unity/Unity.app/Contents/UnityExtensions/Unity/UnityAnalytics
  UnityEngine.Analytics.dll (Extension) GUID: 852E56802EB941638ACBB491814497B0
  Editor/UnityEditor.Analytics.dll (Extension) GUID: 86f4de9468454445ac2f39e207fafa3a
Setting UnityHoloLens v5.6.1 for Unity v5.6.1p4 to /Applications/Unity/Unity.app/Contents/UnityExtensions/Unity/UnityHoloLens
  Editor/UnityEditor.HoloLens.dll (Extension) GUID: 12fd8a0055b84bb59e84c9835a37e333
  Runtime/UnityEngine.HoloLens.dll (Extension) GUID: f7b54ff4a43d4fcf81b4538b678e0bcc
  RuntimeEditor/UnityEngine.HoloLens.dll (Extension) GUID: 1c6d1fbb51834b64847b1b73a75bfc77
Setting UnityPurchasing v5.6.1 for Unity v5.6.1p4 to /Applications/Unity/Unity.app/Contents/UnityExtensions/Unity/UnityPurchasing
  UnityEngine.Purchasing.dll (Extension) GUID: 8E0CD8ED44D4412CBE0642067ABC9E44
  Editor/UnityEditor.Purchasing.dll (Extension) GUID: 8382B2BB260241859771B69B7F377A8D
Setting UnityVR v5.6.1 for Unity v5.6.1p4 to /Applications/Unity/Unity.app/Contents/UnityExtensions/Unity/UnityVR
  Editor/UnityEditor.VR.dll (Extension) GUID: 4ba2329b63d54f0187bcaa12486b1b0f
  Runtime/UnityEngine.VR.dll (Extension) GUID: 6cdf1e5c78d14720aaadccd4C792df96
  RuntimeEditor/UnityEngine.VR.dll (Extension) GUID: 307433eba81a469ab1e2084d52d1a5a2
Registering platform support modules:
Platform assembly: /Applications/Unity/Unity.app/Contents/Mono/lib/mono/2.0/Boo.Lang.Compiler.dll (this message is harmless)
Platform assembly: /Applications/Unity/Unity.app/Contents/Mono/lib/mono/2.0/Boo.Lang.dll (this message is harmless)
Platform assembly: /Applications/Unity/Unity.app/Contents/Mono/lib/mono/2.0/Boo.Lang.Parser.dll (this message is harmless)
Platform assembly: /Applications/Unity/Unity.app/Contents/Mono/lib/mono/2.0/UnityScript.Lang.dll (this message is harmless)
Registered platform support modules in: 0.051891s.
Native extension for OSXStandalone target not found
Native extension for iOS target not found
Native extension for Android target not found
Updating Assets/AssetSources/sceneAsset/trees2/texture/S_Tree_Green082_b.png - GUID: 0773611a9578d964da06dd9a6611caa7...
WARNING: ETC texture format is not supported, decompressing texture
----- Compute hash for Assets/AssetSources/sceneAsset/trees2/texture/S_Tree_Green082_b.png.
Launched and connected shader compiler UnityShaderCompiler after 0.29 seconds
 done. [Time: 657.781128 ms] 
Updating Assets/Arts/sequenceAnim/raw/chenghao/1106.png - GUID: 0c062f6732fccb34ba553d923b258b57...
WARNING: ETC2 texture format is not supported, decompressing texture
----- Compute hash for Assets/Arts/sequenceAnim/raw/chenghao/1106.png.
 done. [Time: 617.992126 ms] 
Updating Assets/AssetSources/sceneAsset/rocks2/texture/S_Rock_Gray027.png - GUID: 0db9f89b6e7895a40887ba8f1f20276e...
WARNING: ETC texture format is not supported, decompressing texture
----- Compute hash for Assets/AssetSources/sceneAsset/rocks2/texture/S_Rock_Gray027.png.
 done. [Time: 86.493889 ms] 
Updating Assets/Arts/effectSource/common/texture/mask/ID_24258_1.png - GUID: 0e29b3aaccfa2ab49bed96c69dd891b9...
WARNING: ETC texture format is not supported, decompressing texture
----- Compute hash for Assets/Arts/effectSource/common/texture/mask/ID_24258_1.png.
 done. [Time: 74.026672 ms] 
Updating Assets/AssetSources/icon/40000026.png - GUID: 0eff64abc764e2d4c9edc326c4008f89...
WARNING: ETC2 texture format is not supported, decompressing texture
----- Compute hash for Assets/AssetSources/icon/40000026.png.
 done. [Time: 81.078049 ms] 
Updating Assets/Arts/sequenceAnim/raw/chenghao/1096.png - GUID: 176ea26b4f43a4d4390e375f6075e6ed...
WARNING: ETC2 texture format is not supported, decompressing texture
----- Compute hash for Assets/Arts/sequenceAnim/raw/chenghao/1096.png.
 done. [Time: 751.963257 ms] 
Updating Assets/Arts/effectSource/common/texture/crack/T_dilie_401_00000.png - GUID: 1a793f5b30198a34e9b0e23fecf48af1...
WARNING: ETC2 texture format is not supported, decompressing texture
----- Compute hash for Assets/Arts/effectSource/common/texture/crack/T_dilie_401_00000.png.
 done. [Time: 75.872185 ms] 
Updating Assets/Arts/effectSource/common/texture/flare/fangshelizi_76.png - GUID: 238afdb57f9fe5848a5ea880cbef6671...
WARNING: ETC2 texture format is not supported, decompressing texture
----- Compute hash for Assets/Arts/effectSource/common/texture/flare/fangshelizi_76.png.
 done. [Time: 71.297646 ms] 
Updating Assets/AssetSources/icon/200405.png - GUID: 263ed9442ae3264419de50a4ae8cf38b...
WARNING: ETC2 texture format is not supported, decompressing texture
----- Compute hash for Assets/AssetSources/icon/200405.png.
 done. [Time: 81.709061 ms] 
Updating Assets/Arts/sequenceAnim/raw/chenghao/1100.png - GUID: 287408c209e20e3439c2909eca67c80a...
WARNING: ETC2 texture format is not supported, decompressing texture
----- Compute hash for Assets/Arts/sequenceAnim/raw/chenghao/1100.png.
 done. [Time: 694.463989 ms] 
Updating Assets/Arts/effectSource/common/texture/trail/Comp1_00000.png - GUID: 2952f5f517e4ce746b0e01f8e983e1d0...
WARNING: ETC2 texture format is not supported, decompressing texture
----- Compute hash for Assets/Arts/effectSource/common/texture/trail/Comp1_00000.png.
 done. [Time: 78.095726 ms] 
Updating Assets/AssetSources/model/collection/32000007/texture.tga - GUID: 2c282eb9ddc383540971473bd7980a00...
WARNING: ETC texture format is not supported, decompressing texture
----- Compute hash for Assets/AssetSources/model/collection/32000007/texture.tga.
 done. [Time: 242.146347 ms] 
Updating Assets/AssetSources/model/collection/31010011/texture.tga - GUID: 346ebe47cee7a5147bd98197f17eb1ae...
WARNING: ETC texture format is not supported, decompressing texture
----- Compute hash for Assets/AssetSources/model/collection/31010011/texture.tga.
 done. [Time: 83.466698 ms] 
Updating Assets/Arts/effectSource/common/texture/fire/fire019_00002.png - GUID: 363660c61b4c3314b900e21211bc0888...
WARNING: ETC2 texture format is not supported, decompressing texture
----- Compute hash for Assets/Arts/effectSource/common/texture/fire/fire019_00002.png.
 done. [Time: 149.313950 ms] 
Updating Assets/Arts/sequenceAnim/raw/chenghao/1101.png - GUID: 3b1f65f0f7a52ee4f85f9577190966ba...
WARNING: ETC2 texture format is not supported, decompressing texture
----- Compute hash for Assets/Arts/sequenceAnim/raw/chenghao/1101.png.
 done. [Time: 696.454346 ms] 
Updating Assets/Arts/sequenceAnim/raw/chenghao/jxtz2.png - GUID: 41b5f221b222b4841a03bbb6e88ebfa7...
WARNING: ETC2 texture format is not supported, decompressing texture
----- Compute hash for Assets/Arts/sequenceAnim/raw/chenghao/jxtz2.png.
 done. [Time: 78.781227 ms] 
Updating Assets/Arts/effectSource/common/texture/aggregation_radiation/ID_10200_1.png - GUID: 4b0c84004eda8e24f88e3ac1380c354e...
WARNING: ETC texture format is not supported, decompressing texture
----- Compute hash for Assets/Arts/effectSource/common/texture/aggregation_radiation/ID_10200_1.png.
 done. [Time: 75.941917 ms] 
Updating Assets/Arts/effectSource/common/texture/fire/smoke031_8x8_07.png - GUID: 5579b09102f68d84ea12657ca2f91085...
WARNING: ETC2 texture format is not supported, decompressing texture
----- Compute hash for Assets/Arts/effectSource/common/texture/fire/smoke031_8x8_07.png.
 done. [Time: 1478.066162 ms] 
Updating Assets/AssetSources/model/collection/31010010/texture.tga - GUID: 5a96a0c99ca705f44be201c7d88ae5ac...
WARNING: ETC texture format is not supported, decompressing texture
----- Compute hash for Assets/AssetSources/model/collection/31010010/texture.tga.
 done. [Time: 78.644630 ms] 
Updating Assets/AssetSources/model/collection/32000006/texture.tga - GUID: 5c00f64e657527d4d967b79473de9ad9...
WARNING: ETC texture format is not supported, decompressing texture
----- Compute hash for Assets/AssetSources/model/collection/32000006/texture.tga.
 done. [Time: 227.702194 ms] 
Updating Assets/AssetSources/model/collection/32000005/texture.tga - GUID: 5d1eae72ef469b74db40d8f4b1f8420b...
WARNING: ETC texture format is not supported, decompressing texture
----- Compute hash for Assets/AssetSources/model/collection/32000005/texture.tga.
 done. [Time: 76.210373 ms] 
Updating Assets/AssetSources/model/misc/flIma1/texture.tga - GUID: 6a526604f4f3b4c4bb76fe6411afdbd6...
WARNING: ETC texture format is not supported, decompressing texture
----- Compute hash for Assets/AssetSources/model/misc/flIma1/texture.tga.
 done. [Time: 101.777878 ms] 
Updating Assets/AssetSources/model/shengqi/5257131/texture.tga - GUID: 6e134911cf1808e4fa961acec59ae004...
WARNING: ETC texture format is not supported, decompressing texture
----- Compute hash for Assets/AssetSources/model/shengqi/5257131/texture.tga.
 done. [Time: 85.457558 ms] 
Updating Assets/AssetSources/images/head/200405.png - GUID: 7040b53b68d570743b142c86ee5aaeef...
WARNING: ETC2 texture format is not supported, decompressing texture
----- Compute hash for Assets/AssetSources/images/head/200405.png.
 done. [Time: 80.839203 ms] 
Updating Assets/Arts/sequenceAnim/raw/chenghao/1099.png - GUID: 71207fe9c702415458cb050317d7976d...
WARNING: ETC2 texture format is not supported, decompressing texture
----- Compute hash for Assets/Arts/sequenceAnim/raw/chenghao/1099.png.
 done. [Time: 746.432739 ms] 
Updating Assets/AssetSources/model/misc/flIma2/texture.tga - GUID: 7269bcc437d0d044cbae6ba517104726...
WARNING: ETC texture format is not supported, decompressing texture
----- Compute hash for Assets/AssetSources/model/misc/flIma2/texture.tga.
 done. [Time: 87.626595 ms] 
Updating Assets/Arts/effectSource/common/texture/flare/Particle_Impact23.png - GUID: 735aa5f06204bf945b5d1dfd261ff80f...
WARNING: ETC2 texture format is not supported, decompressing texture
----- Compute hash for Assets/Arts/effectSource/common/texture/flare/Particle_Impact23.png.
 done. [Time: 294.046326 ms] 
Updating Assets/Arts/sequenceAnim/raw/chenghao/1093.png - GUID: 73e0ef5b24c4ea644ac9b2ff34c859db...
WARNING: ETC2 texture format is not supported, decompressing texture
----- Compute hash for Assets/Arts/sequenceAnim/raw/chenghao/1093.png.
 done. [Time: 459.303009 ms] 
Updating Assets/Arts/sequenceAnim/raw/chenghao/1103.png - GUID: 7af2f929fbb39ad498c5bd3289af1902...
WARNING: ETC2 texture format is not supported, decompressing texture
----- Compute hash for Assets/Arts/sequenceAnim/raw/chenghao/1103.png.
 done. [Time: 702.677490 ms] 
Updating Assets/Arts/effectSource/common/texture/xulie/F_E_xulie_widxY_00001.png - GUID: 7e8bcbd2d7b983440abfaacc5453c512...
WARNING: ETC2 texture format is not supported, decompressing texture
----- Compute hash for Assets/Arts/effectSource/common/texture/xulie/F_E_xulie_widxY_00001.png.
 done. [Time: 150.103638 ms] 
Updating Assets/Arts/sequenceAnim/raw/chenghao/1095.png - GUID: 7f4c9a40921a7da46b1ffbdfb66732d1...
WARNING: ETC2 texture format is not supported, decompressing texture
----- Compute hash for Assets/Arts/sequenceAnim/raw/chenghao/1095.png.
 done. [Time: 479.393494 ms] 
Updating Assets/Arts/effectSource/common/texture/trail/SnB_Line01.png - GUID: 84605bd5d81a4004f91c8fc8ffa273ab...
WARNING: ETC2 texture format is not supported, decompressing texture
----- Compute hash for Assets/Arts/effectSource/common/texture/trail/SnB_Line01.png.
 done. [Time: 152.846359 ms] 
Updating Assets/Arts/effectSource/common/texture/flare/claws_trail_cross.png - GUID: 862fbed7f2d5faa4e855a6bb7b91a643...
WARNING: ETC2 texture format is not supported, decompressing texture
----- Compute hash for Assets/Arts/effectSource/common/texture/flare/claws_trail_cross.png.
 done. [Time: 74.647377 ms] 
Updating Assets/Arts/sequenceAnim/raw/chenghao/1102.png - GUID: 88f2d92ad87453b47be7856c454e9fa9...
WARNING: ETC2 texture format is not supported, decompressing texture
----- Compute hash for Assets/Arts/sequenceAnim/raw/chenghao/1102.png.
 done. [Time: 709.840393 ms] 
Updating Assets/AssetSources/model/monster/210083/texture.tga - GUID: 8afdb0954131ee642a56a06105003ac7...
WARNING: ETC texture format is not supported, decompressing texture
----- Compute hash for Assets/AssetSources/model/monster/210083/texture.tga.
 done. [Time: 97.852242 ms] 
Updating Assets/Arts/sequenceAnim/raw/chenghao/jxtz3.png - GUID: 8cb0d85ea0a394542bfdbc28c7f73293...
WARNING: ETC2 texture format is not supported, decompressing texture
----- Compute hash for Assets/Arts/sequenceAnim/raw/chenghao/jxtz3.png.
 done. [Time: 77.847321 ms] 
Updating Assets/Arts/sequenceAnim/raw/chenghao/jxtz4.png - GUID: 8cc51e4692c05e640b01f53eef0f6c10...
WARNING: ETC2 texture format is not supported, decompressing texture
----- Compute hash for Assets/Arts/sequenceAnim/raw/chenghao/jxtz4.png.
 done. [Time: 78.148994 ms] 
Updating Assets/AssetSources/model/collection/31000102/texture.tga - GUID: 930e520e2977b5848a693e9cc858c504...
WARNING: ETC texture format is not supported, decompressing texture
----- Compute hash for Assets/AssetSources/model/collection/31000102/texture.tga.
 done. [Time: 78.953194 ms] 
Updating Assets/AssetSources/images/head/40000026.png - GUID: 9adbc1300e275d146883057ebc00849b...
WARNING: ETC2 texture format is not supported, decompressing texture
----- Compute hash for Assets/AssetSources/images/head/40000026.png.
 done. [Time: 81.274712 ms] 
Updating Assets/AssetSources/model/collection/31000015/texture.tga - GUID: 9cece3f2cec52974e8360be3782b7a39...
WARNING: ETC texture format is not supported, decompressing texture
----- Compute hash for Assets/AssetSources/model/collection/31000015/texture.tga.
 done. [Time: 86.094742 ms] 
Updating Assets/Arts/effectSource/common/texture/object/texture_2_00000_00001.png - GUID: a44867f0ebdfcb44b928de5bb811f13f...
WARNING: ETC2 texture format is not supported, decompressing texture
----- Compute hash for Assets/Arts/effectSource/common/texture/object/texture_2_00000_00001.png.
 done. [Time: 78.685623 ms] 
Updating Assets/Arts/sequenceAnim/raw/chenghao/jxtz1.png - GUID: ae8ee5c58512e4e41a262b1d5e368b72...
WARNING: ETC2 texture format is not supported, decompressing texture
----- Compute hash for Assets/Arts/sequenceAnim/raw/chenghao/jxtz1.png.
 done. [Time: 78.161934 ms] 
Updating Assets/Arts/sequenceAnim/raw/chenghao/1097.png - GUID: bae55955fab5e2b4b92ddb513754147e...
WARNING: ETC2 texture format is not supported, decompressing texture
----- Compute hash for Assets/Arts/sequenceAnim/raw/chenghao/1097.png.
 done. [Time: 791.315552 ms] 
Updating Assets/Arts/sequenceAnim/raw/chenghao/jxtz5.png - GUID: c4d0047f796544e4f870fdf083a66a02...
WARNING: ETC2 texture format is not supported, decompressing texture
----- Compute hash for Assets/Arts/sequenceAnim/raw/chenghao/jxtz5.png.
 done. [Time: 75.634460 ms] 
Updating Assets/Arts/sequenceAnim/raw/chenghao/1104.png - GUID: c6eefc89576fbc04098997c1ad3ff95b...
WARNING: ETC2 texture format is not supported, decompressing texture
----- Compute hash for Assets/Arts/sequenceAnim/raw/chenghao/1104.png.
 done. [Time: 689.340088 ms] 
Updating Assets/Arts/effectSource/common/texture/fire/smoke033_4x4_00000_00000.png - GUID: d8efe35c8ae115449b25adba4d1e2552...
WARNING: ETC texture format is not supported, decompressing texture
----- Compute hash for Assets/Arts/effectSource/common/texture/fire/smoke033_4x4_00000_00000.png.
 done. [Time: 226.364899 ms] 
Updating Assets/AssetSources/model/shengqi/5257131b/texture.tga - GUID: d940ca7f427ecd240be938604166d5cb...
WARNING: ETC texture format is not supported, decompressing texture
----- Compute hash for Assets/AssetSources/model/shengqi/5257131b/texture.tga.
 done. [Time: 82.786407 ms] 
Updating Assets/AssetSources/model/collection/31090011/texture.tga - GUID: da4f46653c9142f439070a44991409a4...
WARNING: ETC texture format is not supported, decompressing texture
----- Compute hash for Assets/AssetSources/model/collection/31090011/texture.tga.
 done. [Time: 172.958649 ms] 
Updating Assets/Arts/sequenceAnim/raw/chenghao/1105.png - GUID: e718443e04c5cdc47a0e0d8a53794664...
WARNING: ETC2 texture format is not supported, decompressing texture
----- Compute hash for Assets/Arts/sequenceAnim/raw/chenghao/1105.png.
 done. [Time: 702.605286 ms] 
Updating Assets/AssetSources/sceneAsset/trees2/texture/S_Tree_Green012_b.png - GUID: e898a11f7ffbd274396ba38386219e91...
WARNING: ETC2 texture format is not supported, decompressing texture
----- Compute hash for Assets/AssetSources/sceneAsset/trees2/texture/S_Tree_Green012_b.png.
 done. [Time: 311.980438 ms] 
Updating Assets/Arts/sequenceAnim/raw/chenghao/1107.png - GUID: f2b21fc1a77577c43bd64e9d8826dd94...
WARNING: ETC2 texture format is not supported, decompressing texture
----- Compute hash for Assets/Arts/sequenceAnim/raw/chenghao/1107.png.
 done. [Time: 625.894653 ms] 
Updating Assets/Arts/sequenceAnim/raw/chenghao/1098.png - GUID: f708f057eabfca54fb762d7d6f0f6649...
WARNING: ETC2 texture format is not supported, decompressing texture
----- Compute hash for Assets/Arts/sequenceAnim/raw/chenghao/1098.png.
 done. [Time: 704.823792 ms] 
Updating Assets/AssetSources/model/magicCube/mofang/texture.tga - GUID: fb86cd468371dc746b6b3942fdd69140...
WARNING: ETC texture format is not supported, decompressing texture
----- Compute hash for Assets/AssetSources/model/magicCube/mofang/texture.tga.
 done. [Time: 755.195007 ms] 
Updating Assets/Arts/effectSource/common/texture/xulie/F_E_xulie_bob4_00000.png - GUID: fd66711ccc79d484d93def806857c358...
WARNING: ETC2 texture format is not supported, decompressing texture
----- Compute hash for Assets/Arts/effectSource/common/texture/xulie/F_E_xulie_bob4_00000.png.
 done. [Time: 300.093262 ms] 
Updating Assets/AssetSources/model/faqi/11006b/texture.tga - GUID: ff385a38954f8b14ca13eec2e35c19b2...
WARNING: ETC texture format is not supported, decompressing texture
----- Compute hash for Assets/AssetSources/model/faqi/11006b/texture.tga.
 done. [Time: 86.355881 ms] 
Updating Assets/AssetSources/ui/delaySystem/RebirthSuitPanel.prefab - GUID: dde8fccd9920a4e409182a69fde8f181...
 done. [Time: 91.211983 ms] 
Updating Assets/AssetSources/txtdata/svnver.bytes - GUID: 048c7619b8e9ccc4fbcdfd2f48e50ac0...
 done. [Time: 1.931720 ms] 
Unloading 103 Unused Serialized files (Serialized files now loaded: 0)
System memory in use before: 260.3 MB.
System memory in use after: 260.4 MB.

Unloading 75 unused Assets to reduce memory usage. Loaded Objects now: 1361.
Total: 1.997417 ms (FindLiveObjects: 0.116709 ms CreateObjectMapping: 0.038111 ms MarkObjects: 1.188328 ms  DeleteObjects: 0.653060 ms)

Refreshing native plugins compatible for Editor in 16.08 ms, found 3 plugins.
Preloading 1 native plugins for Editor in 0.33 ms.

----- Total AssetImport time: 23.437315s, AssetImport time: 23.299072s, Asset hashing: 0.074548s [24.3 MB, 325.919617 mb/s]

Warming cache for 29202 main assets: 0.159072 seconds elapsed
Initializing Unity extensions:
 '/Applications/Unity/Unity.app/Contents/UnityExtensions/Unity/UnityHoloLens/Editor/UnityEditor.HoloLens.dll'  GUID: 12fd8a0055b84bb59e84c9835a37e333
 '/Applications/Unity/Unity.app/Contents/UnityExtensions/Unity/UnityAnalytics/UnityEngine.Analytics.dll'  GUID: 852e56802eb941638acbb491814497b0
 '/Applications/Unity/Unity.app/Contents/UnityExtensions/Unity/TestRunner/portable/nunit.framework.dll'  GUID: 405b9b51bb344a128608d968297df79c
 '/Applications/Unity/Unity.app/Contents/UnityExtensions/Unity/GUISystem/Standalone/UnityEngine.UI.dll'  GUID: f70555f144d8491a825f0804e09c671c
 '/Applications/Unity/Unity.app/Contents/UnityExtensions/Unity/GUISystem/UnityEngine.UI.dll'  GUID: f5f67c52d1564df4a8936ccd202a3bd8
 '/Applications/Unity/Unity.app/Contents/UnityExtensions/Unity/Networking/Standalone/UnityEngine.Networking.dll'  GUID: dc443db3e92b4983b9738c1131f555cb
 '/Applications/Unity/Unity.app/Contents/UnityExtensions/Unity/Networking/Editor/UnityEditor.Networking.dll'  GUID: 5f32cd94baa94578a686d4b9d6b660f7
 '/Applications/Unity/Unity.app/Contents/UnityExtensions/Unity/UnityAnalytics/Editor/UnityEditor.Analytics.dll'  GUID: 86f4de9468454445ac2f39e207fafa3a
 '/Applications/Unity/Unity.app/Contents/UnityExtensions/Unity/UnityHoloLens/Runtime/UnityEngine.HoloLens.dll'  GUID: f7b54ff4a43d4fcf81b4538b678e0bcc
 '/Applications/Unity/Unity.app/Contents/UnityExtensions/Unity/TreeEditor/Editor/UnityEditor.TreeEditor.dll'  GUID: adebbd281f1a4ef3a30be7f21937e02f
 '/Applications/Unity/Unity.app/Contents/UnityExtensions/Unity/Networking/UnityEngine.Networking.dll'  GUID: 870353891bb340e2b2a9c8707e7419ba
 '/Applications/Unity/Unity.app/Contents/UnityExtensions/Unity/TestRunner/UnityEngine.TestRunner.dll'  GUID: 53ebcfaa2e1e4e2dbc85882cd5a73fa1
 '/Applications/Unity/Unity.app/Contents/UnityExtensions/Unity/Advertisements/Editor/UnityEditor.Advertisements.dll'  GUID: 97decbdab0634cdd991f8d23ddf0dead
 '/Applications/Unity/Unity.app/Contents/UnityExtensions/Unity/UnityVR/Editor/UnityEditor.VR.dll'  GUID: 4ba2329b63d54f0187bcaa12486b1b0f
 '/Applications/Unity/Unity.app/Contents/UnityExtensions/Unity/UnityPurchasing/Editor/UnityEditor.Purchasing.dll'  GUID: 8382b2bb260241859771b69b7f377a8d
 '/Applications/Unity/Unity.app/Contents/UnityExtensions/Unity/UnityHoloLens/RuntimeEditor/UnityEngine.HoloLens.dll'  GUID: 1c6d1fbb51834b64847b1b73a75bfc77
 '/Applications/Unity/Unity.app/Contents/UnityExtensions/Unity/UnityVR/RuntimeEditor/UnityEngine.VR.dll'  GUID: 307433eba81a469ab1e2084d52d1a5a2
 '/Applications/Unity/Unity.app/Contents/UnityExtensions/Unity/UnityVR/Runtime/UnityEngine.VR.dll'  GUID: 6cdf1e5c78d14720aaadccd4c792df96
 '/Applications/Unity/Unity.app/Contents/UnityExtensions/Unity/GUISystem/Editor/UnityEditor.UI.dll'  GUID: 80a3616ca19596e4da0f10f14d241e9f
 '/Applications/Unity/Unity.app/Contents/UnityExtensions/Unity/TestRunner/Editor/UnityEditor.TestRunner.dll'  GUID: 4113173d5e95493ab8765d7b08371de4
 '/Applications/Unity/Unity.app/Contents/UnityExtensions/Unity/TestRunner/net35/unity-custom/nunit.framework.dll'  GUID: 4b3fa4bde7f1451a8218c03ee6a8ded8
 '/Applications/Unity/Unity.app/Contents/UnityExtensions/Unity/UnityPurchasing/UnityEngine.Purchasing.dll'  GUID: 8e0cd8ed44d4412cbe0642067abc9e44
 '/Applications/Unity/Unity.app/Contents/UnityExtensions/Unity/Advertisements/UnityEngine.Advertisements.dll'  GUID: 739bbd9f364b4268874f9fd86ab3beef
Unloading 186 Unused Serialized files (Serialized files now loaded: 0)
System memory in use before: 277.9 MB.
System memory in use after: 278.0 MB.

Unloading 148 unused Assets to reduce memory usage. Loaded Objects now: 1386.
Total: 1.360375 ms (FindLiveObjects: 0.140140 ms CreateObjectMapping: 0.032539 ms MarkObjects: 1.155373 ms  DeleteObjects: 0.031260 ms)

Batchmode quit successfully invoked - shutting down!
Refresh: detecting if any assets need to be imported or removed ... Refresh: elapses 0.181297 seconds (Nothing changed)

Hashing assets ... 0.000 seconds
  file open: 0.000 seconds (2 files)
  file read: 0.000 seconds (0.143 MB)
  hash: 0.000 seconds
Updating Assets/AssetSources/ui/delaySystem/RebirthSuitPanel.prefab - GUID: dde8fccd9920a4e409182a69fde8f181...
 done. [Time: 6.352272 ms] 
Refreshing native plugins compatible for Editor in 8.81 ms, found 3 plugins.
Preloading 1 native plugins for Editor in 0.36 ms.

----- Total AssetImport time: 0.139866s, AssetImport time: 0.051044s, Asset hashing: 0.000378s [146.0 KB, 377.360229 mb/s]

Refresh: detecting if any assets need to be imported or removed ... Refresh: elapses 0.177880 seconds (Nothing changed)
Cleanup mono
Exiting batchmode successfully now!
